
  
col=4,limit=1000000,windSize=10000,rate=100000   
20:50:29 [main] INFO : =====>  COL 4, LIMIT 1000000, WINDSIZE 10000, DATAPATH /Users/czq/Code/TPS_data/, RATE 100000, <=====
20:50:39 [main] INFO : 
Total Lines Processed: 1000000
20:50:39 [main] INFO : Processing time: 9998 ms
20:50:39 [main] INFO : RESULT:15449
20:50:39 [main] INFO : AVG-latencyTime: 441609.8738429672 ns
  
col=4,limit=1000000,windSize=10000,rate=50000   
20:50:40 [main] INFO : =====>  COL 4, LIMIT 1000000, WINDSIZE 10000, DATAPATH /Users/czq/Code/TPS_data/, RATE 50000, <=====
20:51:00 [main] INFO : 
Total Lines Processed: 1000000
20:51:00 [main] INFO : Processing time: 19993 ms
20:51:00 [main] INFO : RESULT:15449
20:51:00 [main] INFO : AVG-latencyTime: 883060.2035083177 ns
  
col=6,limit=1000000,windSize=10000,rate=100000   
20:51:00 [main] INFO : =====>  COL 6, LIMIT 1000000, WINDSIZE 10000, DATAPATH /Users/czq/Code/TPS_data/, RATE 100000, <=====
20:51:10 [main] INFO : 
Total Lines Processed: 1000000
20:51:10 [main] INFO : Processing time: 9997 ms
20:51:10 [main] INFO : RESULT:21003
20:51:10 [main] INFO : AVG-latencyTime: 800965.2477265153 ns
  
col=6,limit=1000000,windSize=10000,rate=50000   
20:51:10 [main] INFO : =====>  COL 6, LIMIT 1000000, WINDSIZE 10000, DATAPATH /Users/czq/Code/TPS_data/, RATE 50000, <=====
20:51:31 [main] INFO : 
Total Lines Processed: 1000000
20:51:31 [main] INFO : Processing time: 19995 ms
20:51:31 [main] INFO : RESULT:21003
20:51:31 [main] INFO : AVG-latencyTime: 1581516.9091082227 ns
  
col=8,limit=1000000,windSize=10000,rate=100000   
20:51:31 [main] INFO : =====>  COL 8, LIMIT 1000000, WINDSIZE 10000, DATAPATH /Users/czq/Code/TPS_data/, RATE 100000, <=====
20:51:41 [main] INFO : 
Total Lines Processed: 1000000
20:51:41 [main] INFO : Processing time: 9998 ms
20:51:41 [main] INFO : RESULT:29528
20:51:41 [main] INFO : AVG-latencyTime: 1084666.1333649417 ns
  
col=8,limit=1000000,windSize=10000,rate=50000   
20:51:41 [main] INFO : =====>  COL 8, LIMIT 1000000, WINDSIZE 10000, DATAPATH /Users/czq/Code/TPS_data/, RATE 50000, <=====
20:52:01 [main] INFO : 
Total Lines Processed: 1000000
20:52:01 [main] INFO : Processing time: 19997 ms
20:52:01 [main] INFO : RESULT:29528
20:52:01 [main] INFO : AVG-latencyTime: 2156664.06272013 ns
