
  
col=4,limit=1000000,windSize=10000,rate=100000   
=====>  COL 4, LIMIT 1000000, WINDSIZE 10000, DATAPATH /Users/czq/Code/TPS_data/, RATE 100000, <=====

Total Lines Processed: 1000000
Processing time: 9998 ms
RESULT:15449
AVG-latencyTime: 13529.024661790407 ns
  
col=4,limit=1000000,windSize=10000,rate=50000   
=====>  COL 4, LIMIT 1000000, WINDSIZE 10000, DATAPATH /Users/czq/Code/TPS_data/, RATE 50000, <=====

Total Lines Processed: 1000000
Processing time: 19994 ms
RESULT:15449
AVG-latencyTime: 16756.12408570134 ns
  
col=6,limit=1000000,windSize=10000,rate=100000   
=====>  COL 6, LIMIT 1000000, WINDSIZE 10000, DATAPATH /Users/czq/Code/TPS_data/, RATE 100000, <=====

Total Lines Processed: 1000000
Processing time: 9998 ms
RESULT:21003
AVG-latencyTime: 16904.820549445318 ns
  
col=6,limit=1000000,windSize=10000,rate=50000   
=====>  COL 6, LIMIT 1000000, WINDSIZE 10000, DATAPATH /Users/czq/Code/TPS_data/, RATE 50000, <=====

Total Lines Processed: 1000000
Processing time: 19997 ms
RESULT:21003
AVG-latencyTime: 29815.027234204637 ns
  
col=8,limit=1000000,windSize=10000,rate=100000   
=====>  COL 8, LIMIT 1000000, WINDSIZE 10000, DATAPATH /Users/czq/Code/TPS_data/, RATE 100000, <=====

Total Lines Processed: 1000000
Processing time: 9997 ms
RESULT:29528
AVG-latencyTime: 25841.649248171227 ns
  
col=8,limit=1000000,windSize=10000,rate=50000   
=====>  COL 8, LIMIT 1000000, WINDSIZE 10000, DATAPATH /Users/czq/Code/TPS_data/, RATE 50000, <=====

Total Lines Processed: 1000000
Processing time: 19995 ms
RESULT:29528
AVG-latencyTime: 42828.94964101869 ns
