
  
col=4,limit=1000000,windSize=10000,rate=100000   
=====>  COL 4, LIMIT 1000000, WINDSIZE 10000, DATAPATH /home/uzi/Code/TPSdata/, RATE 100000, <=====

Total Lines Processed: 1000000
Processing time: 9984 ms
RESULT:15449
AVG-latencyTime: 23711.882516667745 ns
  
col=4,limit=1000000,windSize=10000,rate=50000   
=====>  COL 4, LIMIT 1000000, WINDSIZE 10000, DATAPATH /home/uzi/Code/TPSdata/, RATE 50000, <=====

Total Lines Processed: 1000000
Processing time: 19947 ms
RESULT:15449
AVG-latencyTime: 38422.40086737006 ns
  
col=6,limit=1000000,windSize=10000,rate=100000   
=====>  COL 6, LIMIT 1000000, WINDSIZE 10000, DATAPATH /home/uzi/Code/TPSdata/, RATE 100000, <=====

Total Lines Processed: 1000000
Processing time: 9988 ms
RESULT:21003
AVG-latencyTime: 26681.511165071657 ns
  
col=6,limit=1000000,windSize=10000,rate=50000   
=====>  COL 6, LIMIT 1000000, WINDSIZE 10000, DATAPATH /home/uzi/Code/TPSdata/, RATE 50000, <=====

Total Lines Processed: 1000000
Processing time: 19973 ms
RESULT:21003
AVG-latencyTime: 50104.62605342094 ns
  
col=8,limit=1000000,windSize=10000,rate=100000   
=====>  COL 8, LIMIT 1000000, WINDSIZE 10000, DATAPATH /home/uzi/Code/TPSdata/, RATE 100000, <=====

Total Lines Processed: 1000000
Processing time: 9984 ms
RESULT:29528
AVG-latencyTime: 30292.21620157139 ns
  
col=8,limit=1000000,windSize=10000,rate=50000   
=====>  COL 8, LIMIT 1000000, WINDSIZE 10000, DATAPATH /home/uzi/Code/TPSdata/, RATE 50000, <=====

Total Lines Processed: 1000000
Processing time: 19973 ms
RESULT:29528
AVG-latencyTime: 58184.088458412356 ns
