
  
col=4,limit=1000000,windSize=10000,rate=100000   
=====>  COL 4, LIMIT 1000000, WINDSIZE 10000, DATAPATH /Users/czq/Code/TPS_data/, RATE 100000, <=====

Total Lines Processed: 1000000
Processing time: 9999 ms
RESULT:15449
AVG-latencyTime: 445893.0218784387 ns
  
col=4,limit=1000000,windSize=10000,rate=50000   
=====>  COL 4, LIMIT 1000000, WINDSIZE 10000, DATAPATH /Users/czq/Code/TPS_data/, RATE 50000, <=====

Total Lines Processed: 1000000
Processing time: 19996 ms
RESULT:15449
AVG-latencyTime: 889034.9247200466 ns
  
col=6,limit=1000000,windSize=10000,rate=100000   
=====>  COL 6, LIMIT 1000000, WINDSIZE 10000, DATAPATH /Users/czq/Code/TPS_data/, RATE 100000, <=====

Total Lines Processed: 1000000
Processing time: 9997 ms
RESULT:21003
AVG-latencyTime: 799262.1776412893 ns
  
col=6,limit=1000000,windSize=10000,rate=50000   
=====>  COL 6, LIMIT 1000000, WINDSIZE 10000, DATAPATH /Users/czq/Code/TPS_data/, RATE 50000, <=====

Total Lines Processed: 1000000
Processing time: 19996 ms
RESULT:21003
AVG-latencyTime: 1580301.1374565538 ns
  
col=8,limit=1000000,windSize=10000,rate=100000   
=====>  COL 8, LIMIT 1000000, WINDSIZE 10000, DATAPATH /Users/czq/Code/TPS_data/, RATE 100000, <=====

Total Lines Processed: 1000000
Processing time: 9997 ms
RESULT:29528
AVG-latencyTime: 1088015.5523570848 ns
  
col=8,limit=1000000,windSize=10000,rate=50000   
=====>  COL 8, LIMIT 1000000, WINDSIZE 10000, DATAPATH /Users/czq/Code/TPS_data/, RATE 50000, <=====

Total Lines Processed: 1000000
Processing time: 19995 ms
RESULT:29528
AVG-latencyTime: 2140739.871985912 ns
