
  
col=4,limit=1000000,windSize=10000,rate=100000   
=====>  COL 4, LIMIT 1000000, WINDSIZE 10000, DATAPATH /Users/czq/Code/TPS_data/, RATE 100000, <=====

Total Lines Processed: 1000000
Processing time: 9999 ms
RESULT:15449
AVG-latencyTime: 9847.719593501197 ns
  
col=4,limit=1000000,windSize=10000,rate=50000   
=====>  COL 4, LIMIT 1000000, WINDSIZE 10000, DATAPATH /Users/czq/Code/TPS_data/, RATE 50000, <=====

Total Lines Processed: 1000000
Processing time: 19994 ms
RESULT:15449
AVG-latencyTime: 17461.774030681598 ns
  
col=6,limit=1000000,windSize=10000,rate=100000   
=====>  COL 6, LIMIT 1000000, WINDSIZE 10000, DATAPATH /Users/czq/Code/TPS_data/, RATE 100000, <=====

Total Lines Processed: 1000000
Processing time: 9998 ms
RESULT:21003
AVG-latencyTime: 14083.114078941104 ns
  
col=6,limit=1000000,windSize=10000,rate=50000   
=====>  COL 6, LIMIT 1000000, WINDSIZE 10000, DATAPATH /Users/czq/Code/TPS_data/, RATE 50000, <=====

Total Lines Processed: 1000000
Processing time: 19994 ms
RESULT:21003
AVG-latencyTime: 22917.55920582774 ns
  
col=8,limit=1000000,windSize=10000,rate=100000   
=====>  COL 8, LIMIT 1000000, WINDSIZE 10000, DATAPATH /Users/czq/Code/TPS_data/, RATE 100000, <=====

Total Lines Processed: 1000000
Processing time: 9999 ms
RESULT:29528
AVG-latencyTime: 20825.52841370902 ns
  
col=8,limit=1000000,windSize=10000,rate=50000   
=====>  COL 8, LIMIT 1000000, WINDSIZE 10000, DATAPATH /Users/czq/Code/TPS_data/, RATE 50000, <=====

Total Lines Processed: 1000000
Processing time: 19995 ms
RESULT:29528
AVG-latencyTime: 34535.774146572745 ns
