
  
col=4,limit=1000000,windSize=10000,rate=100000   
18:52:24 [main] INFO : =====>  COL 4, LIMIT 1000000, WINDSIZE 10000, DATAPATH /Users/czq/Code/TPS_data/, RATE 100000, <=====
18:52:34 [main] INFO : 
Total Lines Processed: 1000000
18:52:34 [main] INFO : Processing time: 9998 ms
18:52:34 [main] INFO : RESULT: 15449
18:52:34 [main] INFO : AVG-latencyTime: 441829.31037607614 ns
  
col=4,limit=1000000,windSize=10000,rate=50000   
18:52:34 [main] INFO : =====>  COL 4, LIMIT 1000000, WINDSIZE 10000, DATAPATH /Users/czq/Code/TPS_data/, RATE 50000, <=====
18:52:54 [main] INFO : 
Total Lines Processed: 1000000
18:52:54 [main] INFO : Processing time: 19993 ms
18:52:54 [main] INFO : RESULT: 15449
18:52:54 [main] INFO : AVG-latencyTime: 878947.3793125768 ns
  
col=6,limit=1000000,windSize=10000,rate=100000   
18:52:55 [main] INFO : =====>  COL 6, LIMIT 1000000, WINDSIZE 10000, DATAPATH /Users/czq/Code/TPS_data/, RATE 100000, <=====
18:53:05 [main] INFO : 
Total Lines Processed: 1000000
18:53:05 [main] INFO : Processing time: 9998 ms
18:53:05 [main] INFO : RESULT: 21003
18:53:05 [main] INFO : AVG-latencyTime: 796407.9023472837 ns
  
col=6,limit=1000000,windSize=10000,rate=50000   
18:53:05 [main] INFO : =====>  COL 6, LIMIT 1000000, WINDSIZE 10000, DATAPATH /Users/czq/Code/TPS_data/, RATE 50000, <=====
18:53:25 [main] INFO : 
Total Lines Processed: 1000000
18:53:25 [main] INFO : Processing time: 19995 ms
18:53:25 [main] INFO : RESULT: 21003
18:53:25 [main] INFO : AVG-latencyTime: 1578415.340427558 ns
  
col=8,limit=1000000,windSize=10000,rate=100000   
18:53:25 [main] INFO : =====>  COL 8, LIMIT 1000000, WINDSIZE 10000, DATAPATH /Users/czq/Code/TPS_data/, RATE 100000, <=====
18:53:36 [main] INFO : 
Total Lines Processed: 1000000
18:53:36 [main] INFO : Processing time: 10000 ms
18:53:36 [main] INFO : RESULT: 29528
18:53:36 [main] INFO : AVG-latencyTime: 1076554.4702993769 ns
  
col=8,limit=1000000,windSize=10000,rate=50000   
18:53:36 [main] INFO : =====>  COL 8, LIMIT 1000000, WINDSIZE 10000, DATAPATH /Users/czq/Code/TPS_data/, RATE 50000, <=====
18:53:56 [main] INFO : 
Total Lines Processed: 1000000
18:53:56 [main] INFO : Processing time: 19996 ms
18:53:56 [main] INFO : RESULT: 29528
18:53:56 [main] INFO : AVG-latencyTime: 2152066.318646708 ns
